<?xml version="1.0" encoding="UTF-8"?>
<testsuite xmlns:xsi="http://www.w3.org/2001/XMLSchema-instance" xsi:noNamespaceSchemaLocation="https://maven.apache.org/surefire/maven-surefire-plugin/xsd/surefire-test-report-3.0.xsd" version="3.0" name="Scenario: Login page validation" time="37.773" tests="13" errors="0" skipped="0" failures="0">
  <properties>
[...]
</properties>
  <testcase name="Given Home Page of the forum website" classname="Scenario: Home page should be launced and validtaed" time="0.001"/>
  <testcase name="When User type home page url" classname="Scenario: Home page should be launced and validtaed" time="0"/>
  <testcase name="Then Home page should be lanucned" classname="Scenario: Home page should be launced and validtaed" time="0"/>
  <testcase name="And Hometitle is validated" classname="Scenario: Home page should be launced and validtaed" time="0.001"/>
  <testcase name="" classname="Scenario: Home page should be launced and validtaed" time="0.001"/>
  <testcase name="Given Login Page of the forum website" classname="Scenario: Login page validation" time="0"/>
  <testcase name="When User type Login page url" classname="Scenario: Login page validation" time="0.001"/>
  <testcase name="And User type the UID" classname="Scenario: Login page validation" time="0"/>
  <testcase name="And User type the password" classname="Scenario: Login page validation" time="0"/>
  <testcase name="And User click on login button" classname="Scenario: Login page validation" time="0"/>
  <testcase name="Then Login page should be landed" classname="Scenario: Login page validation" time="0"/>
  <testcase name="And Login title is validated" classname="Scenario: Login page validation" time="0"/>
  <testcase name="" classname="Scenario: Login page validation" time="0.001"/>
</testsuite>